This is pdfTeX, Version 3.14159265-2.6-1.40.18 (MiKTeX 2.9.6350 64-bit) (preloaded format=pdflatex 2018.6.15)  17 JUN 2018 01:53
entering extended mode
**c:/Users/BDRadu/Licenta-BSS/documentatie/documentatie.tex
(c:/Users/BDRadu/Licenta-BSS/documentatie/documentatie.tex
LaTeX2e <2017-04-15>
Babel <3.10> and hyphenation patterns for 75 language(s) loaded.
("C:\Program Files\MiKTeX 2.9\tex/latex\base\article.cls"
Document Class: article 2014/09/29 v1.4h Standard LaTeX document class
("C:\Program Files\MiKTeX 2.9\tex/latex\base\size12.clo"
File: size12.clo 2014/09/29 v1.4h Standard LaTeX file (size option)
)
\c@part=\count79
\c@section=\count80
\c@subsection=\count81
\c@subsubsection=\count82
\c@paragraph=\count83
\c@subparagraph=\count84
\c@figure=\count85
\c@table=\count86
\abovecaptionskip=\skip41
\belowcaptionskip=\skip42
\bibindent=\dimen102
)
("C:\Program Files\MiKTeX 2.9\tex/latex\base\inputenc.sty"
Package: inputenc 2015/03/17 v1.2c Input encoding file
\inpenc@prehook=\toks14
\inpenc@posthook=\toks15

("C:\Program Files\MiKTeX 2.9\tex/latex\base\utf8.def"
File: utf8.def 2017/01/28 v1.1t UTF-8 support for inputenc
Now handling font encoding OML ...
... no UTF-8 mapping file for font encoding OML
Now handling font encoding T1 ...
... processing UTF-8 mapping file for font encoding T1

("C:\Program Files\MiKTeX 2.9\tex/latex\base\t1enc.dfu"
File: t1enc.dfu 2017/01/28 v1.1t UTF-8 support for inputenc
   defining Unicode char U+00A0 (decimal 160)
   defining Unicode char U+00A1 (decimal 161)
   defining Unicode char U+00A3 (decimal 163)
   defining Unicode char U+00AB (decimal 171)
   defining Unicode char U+00AD (decimal 173)
   defining Unicode char U+00BB (decimal 187)
   defining Unicode char U+00BF (decimal 191)
   defining Unicode char U+00C0 (decimal 192)
   defining Unicode char U+00C1 (decimal 193)
   defining Unicode char U+00C2 (decimal 194)
   defining Unicode char U+00C3 (decimal 195)
   defining Unicode char U+00C4 (decimal 196)
   defining Unicode char U+00C5 (decimal 197)
   defining Unicode char U+00C6 (decimal 198)
   defining Unicode char U+00C7 (decimal 199)
   defining Unicode char U+00C8 (decimal 200)
   defining Unicode char U+00C9 (decimal 201)
   defining Unicode char U+00CA (decimal 202)
   defining Unicode char U+00CB (decimal 203)
   defining Unicode char U+00CC (decimal 204)
   defining Unicode char U+00CD (decimal 205)
   defining Unicode char U+00CE (decimal 206)
   defining Unicode char U+00CF (decimal 207)
   defining Unicode char U+00D0 (decimal 208)
   defining Unicode char U+00D1 (decimal 209)
   defining Unicode char U+00D2 (decimal 210)
   defining Unicode char U+00D3 (decimal 211)
   defining Unicode char U+00D4 (decimal 212)
   defining Unicode char U+00D5 (decimal 213)
   defining Unicode char U+00D6 (decimal 214)
   defining Unicode char U+00D8 (decimal 216)
   defining Unicode char U+00D9 (decimal 217)
   defining Unicode char U+00DA (decimal 218)
   defining Unicode char U+00DB (decimal 219)
   defining Unicode char U+00DC (decimal 220)
   defining Unicode char U+00DD (decimal 221)
   defining Unicode char U+00DE (decimal 222)
   defining Unicode char U+00DF (decimal 223)
   defining Unicode char U+00E0 (decimal 224)
   defining Unicode char U+00E1 (decimal 225)
   defining Unicode char U+00E2 (decimal 226)
   defining Unicode char U+00E3 (decimal 227)
   defining Unicode char U+00E4 (decimal 228)
   defining Unicode char U+00E5 (decimal 229)
   defining Unicode char U+00E6 (decimal 230)
   defining Unicode char U+00E7 (decimal 231)
   defining Unicode char U+00E8 (decimal 232)
   defining Unicode char U+00E9 (decimal 233)
   defining Unicode char U+00EA (decimal 234)
   defining Unicode char U+00EB (decimal 235)
   defining Unicode char U+00EC (decimal 236)
   defining Unicode char U+00ED (decimal 237)
   defining Unicode char U+00EE (decimal 238)
   defining Unicode char U+00EF (decimal 239)
   defining Unicode char U+00F0 (decimal 240)
   defining Unicode char U+00F1 (decimal 241)
   defining Unicode char U+00F2 (decimal 242)
   defining Unicode char U+00F3 (decimal 243)
   defining Unicode char U+00F4 (decimal 244)
   defining Unicode char U+00F5 (decimal 245)
   defining Unicode char U+00F6 (decimal 246)
   defining Unicode char U+00F8 (decimal 248)
   defining Unicode char U+00F9 (decimal 249)
   defining Unicode char U+00FA (decimal 250)
   defining Unicode char U+00FB (decimal 251)
   defining Unicode char U+00FC (decimal 252)
   defining Unicode char U+00FD (decimal 253)
   defining Unicode char U+00FE (decimal 254)
   defining Unicode char U+00FF (decimal 255)
   defining Unicode char U+0100 (decimal 256)
   defining Unicode char U+0101 (decimal 257)
   defining Unicode char U+0102 (decimal 258)
   defining Unicode char U+0103 (decimal 259)
   defining Unicode char U+0104 (decimal 260)
   defining Unicode char U+0105 (decimal 261)
   defining Unicode char U+0106 (decimal 262)
   defining Unicode char U+0107 (decimal 263)
   defining Unicode char U+0108 (decimal 264)
   defining Unicode char U+0109 (decimal 265)
   defining Unicode char U+010A (decimal 266)
   defining Unicode char U+010B (decimal 267)
   defining Unicode char U+010C (decimal 268)
   defining Unicode char U+010D (decimal 269)
   defining Unicode char U+010E (decimal 270)
   defining Unicode char U+010F (decimal 271)
   defining Unicode char U+0110 (decimal 272)
   defining Unicode char U+0111 (decimal 273)
   defining Unicode char U+0112 (decimal 274)
   defining Unicode char U+0113 (decimal 275)
   defining Unicode char U+0114 (decimal 276)
   defining Unicode char U+0115 (decimal 277)
   defining Unicode char U+0116 (decimal 278)
   defining Unicode char U+0117 (decimal 279)
   defining Unicode char U+0118 (decimal 280)
   defining Unicode char U+0119 (decimal 281)
   defining Unicode char U+011A (decimal 282)
   defining Unicode char U+011B (decimal 283)
   defining Unicode char U+011C (decimal 284)
   defining Unicode char U+011D (decimal 285)
   defining Unicode char U+011E (decimal 286)
   defining Unicode char U+011F (decimal 287)
   defining Unicode char U+0120 (decimal 288)
   defining Unicode char U+0121 (decimal 289)
   defining Unicode char U+0122 (decimal 290)
   defining Unicode char U+0123 (decimal 291)
   defining Unicode char U+0124 (decimal 292)
   defining Unicode char U+0125 (decimal 293)
   defining Unicode char U+0128 (decimal 296)
   defining Unicode char U+0129 (decimal 297)
   defining Unicode char U+012A (decimal 298)
   defining Unicode char U+012B (decimal 299)
   defining Unicode char U+012C (decimal 300)
   defining Unicode char U+012D (decimal 301)
   defining Unicode char U+012E (decimal 302)
   defining Unicode char U+012F (decimal 303)
   defining Unicode char U+0130 (decimal 304)
   defining Unicode char U+0131 (decimal 305)
   defining Unicode char U+0132 (decimal 306)
   defining Unicode char U+0133 (decimal 307)
   defining Unicode char U+0134 (decimal 308)
   defining Unicode char U+0135 (decimal 309)
   defining Unicode char U+0136 (decimal 310)
   defining Unicode char U+0137 (decimal 311)
   defining Unicode char U+0139 (decimal 313)
   defining Unicode char U+013A (decimal 314)
   defining Unicode char U+013B (decimal 315)
   defining Unicode char U+013C (decimal 316)
   defining Unicode char U+013D (decimal 317)
   defining Unicode char U+013E (decimal 318)
   defining Unicode char U+0141 (decimal 321)
   defining Unicode char U+0142 (decimal 322)
   defining Unicode char U+0143 (decimal 323)
   defining Unicode char U+0144 (decimal 324)
   defining Unicode char U+0145 (decimal 325)
   defining Unicode char U+0146 (decimal 326)
   defining Unicode char U+0147 (decimal 327)
   defining Unicode char U+0148 (decimal 328)
   defining Unicode char U+014A (decimal 330)
   defining Unicode char U+014B (decimal 331)
   defining Unicode char U+014C (decimal 332)
   defining Unicode char U+014D (decimal 333)
   defining Unicode char U+014E (decimal 334)
   defining Unicode char U+014F (decimal 335)
   defining Unicode char U+0150 (decimal 336)
   defining Unicode char U+0151 (decimal 337)
   defining Unicode char U+0152 (decimal 338)
   defining Unicode char U+0153 (decimal 339)
   defining Unicode char U+0154 (decimal 340)
   defining Unicode char U+0155 (decimal 341)
   defining Unicode char U+0156 (decimal 342)
   defining Unicode char U+0157 (decimal 343)
   defining Unicode char U+0158 (decimal 344)
   defining Unicode char U+0159 (decimal 345)
   defining Unicode char U+015A (decimal 346)
   defining Unicode char U+015B (decimal 347)
   defining Unicode char U+015C (decimal 348)
   defining Unicode char U+015D (decimal 349)
   defining Unicode char U+015E (decimal 350)
   defining Unicode char U+015F (decimal 351)
   defining Unicode char U+0160 (decimal 352)
   defining Unicode char U+0161 (decimal 353)
   defining Unicode char U+0162 (decimal 354)
   defining Unicode char U+0163 (decimal 355)
   defining Unicode char U+0164 (decimal 356)
   defining Unicode char U+0165 (decimal 357)
   defining Unicode char U+0168 (decimal 360)
   defining Unicode char U+0169 (decimal 361)
   defining Unicode char U+016A (decimal 362)
   defining Unicode char U+016B (decimal 363)
   defining Unicode char U+016C (decimal 364)
   defining Unicode char U+016D (decimal 365)
   defining Unicode char U+016E (decimal 366)
   defining Unicode char U+016F (decimal 367)
   defining Unicode char U+0170 (decimal 368)
   defining Unicode char U+0171 (decimal 369)
   defining Unicode char U+0172 (decimal 370)
   defining Unicode char U+0173 (decimal 371)
   defining Unicode char U+0174 (decimal 372)
   defining Unicode char U+0175 (decimal 373)
   defining Unicode char U+0176 (decimal 374)
   defining Unicode char U+0177 (decimal 375)
   defining Unicode char U+0178 (decimal 376)
   defining Unicode char U+0179 (decimal 377)
   defining Unicode char U+017A (decimal 378)
   defining Unicode char U+017B (decimal 379)
   defining Unicode char U+017C (decimal 380)
   defining Unicode char U+017D (decimal 381)
   defining Unicode char U+017E (decimal 382)
   defining Unicode char U+01CD (decimal 461)
   defining Unicode char U+01CE (decimal 462)
   defining Unicode char U+01CF (decimal 463)
   defining Unicode char U+01D0 (decimal 464)
   defining Unicode char U+01D1 (decimal 465)
   defining Unicode char U+01D2 (decimal 466)
   defining Unicode char U+01D3 (decimal 467)
   defining Unicode char U+01D4 (decimal 468)
   defining Unicode char U+01E2 (decimal 482)
   defining Unicode char U+01E3 (decimal 483)
   defining Unicode char U+01E6 (decimal 486)
   defining Unicode char U+01E7 (decimal 487)
   defining Unicode char U+01E8 (decimal 488)
   defining Unicode char U+01E9 (decimal 489)
   defining Unicode char U+01EA (decimal 490)
   defining Unicode char U+01EB (decimal 491)
   defining Unicode char U+01F0 (decimal 496)
   defining Unicode char U+01F4 (decimal 500)
   defining Unicode char U+01F5 (decimal 501)
   defining Unicode char U+0218 (decimal 536)
   defining Unicode char U+0219 (decimal 537)
   defining Unicode char U+021A (decimal 538)
   defining Unicode char U+021B (decimal 539)
   defining Unicode char U+0232 (decimal 562)
   defining Unicode char U+0233 (decimal 563)
   defining Unicode char U+1E02 (decimal 7682)
   defining Unicode char U+1E03 (decimal 7683)
   defining Unicode char U+200C (decimal 8204)
   defining Unicode char U+2010 (decimal 8208)
   defining Unicode char U+2011 (decimal 8209)
   defining Unicode char U+2012 (decimal 8210)
   defining Unicode char U+2013 (decimal 8211)
   defining Unicode char U+2014 (decimal 8212)
   defining Unicode char U+2015 (decimal 8213)
   defining Unicode char U+2018 (decimal 8216)
   defining Unicode char U+2019 (decimal 8217)
   defining Unicode char U+201A (decimal 8218)
   defining Unicode char U+201C (decimal 8220)
   defining Unicode char U+201D (decimal 8221)
   defining Unicode char U+201E (decimal 8222)
   defining Unicode char U+2030 (decimal 8240)
   defining Unicode char U+2031 (decimal 8241)
   defining Unicode char U+2039 (decimal 8249)
   defining Unicode char U+203A (decimal 8250)
   defining Unicode char U+2423 (decimal 9251)
   defining Unicode char U+1E20 (decimal 7712)
   defining Unicode char U+1E21 (decimal 7713)
)
Now handling font encoding OT1 ...
... processing UTF-8 mapping file for font encoding OT1

("C:\Program Files\MiKTeX 2.9\tex/latex\base\ot1enc.dfu"
File: ot1enc.dfu 2017/01/28 v1.1t UTF-8 support for inputenc
   defining Unicode char U+00A0 (decimal 160)
   defining Unicode char U+00A1 (decimal 161)
   defining Unicode char U+00A3 (decimal 163)
   defining Unicode char U+00AD (decimal 173)
   defining Unicode char U+00B8 (decimal 184)
   defining Unicode char U+00BF (decimal 191)
   defining Unicode char U+00C5 (decimal 197)
   defining Unicode char U+00C6 (decimal 198)
   defining Unicode char U+00D8 (decimal 216)
   defining Unicode char U+00DF (decimal 223)
   defining Unicode char U+00E6 (decimal 230)
   defining Unicode char U+00EC (decimal 236)
   defining Unicode char U+00ED (decimal 237)
   defining Unicode char U+00EE (decimal 238)
   defining Unicode char U+00EF (decimal 239)
   defining Unicode char U+00F8 (decimal 248)
   defining Unicode char U+0131 (decimal 305)
   defining Unicode char U+0141 (decimal 321)
   defining Unicode char U+0142 (decimal 322)
   defining Unicode char U+0152 (decimal 338)
   defining Unicode char U+0153 (decimal 339)
   defining Unicode char U+0174 (decimal 372)
   defining Unicode char U+0175 (decimal 373)
   defining Unicode char U+0176 (decimal 374)
   defining Unicode char U+0177 (decimal 375)
   defining Unicode char U+0218 (decimal 536)
   defining Unicode char U+0219 (decimal 537)
   defining Unicode char U+021A (decimal 538)
   defining Unicode char U+021B (decimal 539)
   defining Unicode char U+2013 (decimal 8211)
   defining Unicode char U+2014 (decimal 8212)
   defining Unicode char U+2018 (decimal 8216)
   defining Unicode char U+2019 (decimal 8217)
   defining Unicode char U+201C (decimal 8220)
   defining Unicode char U+201D (decimal 8221)
)
Now handling font encoding OMS ...
... processing UTF-8 mapping file for font encoding OMS

("C:\Program Files\MiKTeX 2.9\tex/latex\base\omsenc.dfu"
File: omsenc.dfu 2017/01/28 v1.1t UTF-8 support for inputenc
   defining Unicode char U+00A7 (decimal 167)
   defining Unicode char U+00B6 (decimal 182)
   defining Unicode char U+00B7 (decimal 183)
   defining Unicode char U+2020 (decimal 8224)
   defining Unicode char U+2021 (decimal 8225)
   defining Unicode char U+2022 (decimal 8226)
)
Now handling font encoding OMX ...
... no UTF-8 mapping file for font encoding OMX
Now handling font encoding U ...
... no UTF-8 mapping file for font encoding U
   defining Unicode char U+00A9 (decimal 169)
   defining Unicode char U+00AA (decimal 170)
   defining Unicode char U+00AE (decimal 174)
   defining Unicode char U+00BA (decimal 186)
   defining Unicode char U+02C6 (decimal 710)
   defining Unicode char U+02DC (decimal 732)
   defining Unicode char U+200C (decimal 8204)
   defining Unicode char U+2026 (decimal 8230)
   defining Unicode char U+2122 (decimal 8482)
   defining Unicode char U+2423 (decimal 9251)
))
("C:\Program Files\MiKTeX 2.9\tex/latex\mathtools\mathtools.sty"
Package: mathtools 2018/01/08 v1.21 mathematical typesetting tools

("C:\Program Files\MiKTeX 2.9\tex/latex\graphics\keyval.sty"
Package: keyval 2014/10/28 v1.15 key=value parser (DPC)
\KV@toks@=\toks16
)
("C:\Program Files\MiKTeX 2.9\tex/latex\tools\calc.sty"
Package: calc 2014/10/28 v4.3 Infix arithmetic (KKT,FJ)
\calc@Acount=\count87
\calc@Bcount=\count88
\calc@Adimen=\dimen103
\calc@Bdimen=\dimen104
\calc@Askip=\skip43
\calc@Bskip=\skip44
LaTeX Info: Redefining \setlength on input line 80.
LaTeX Info: Redefining \addtolength on input line 81.
\calc@Ccount=\count89
\calc@Cskip=\skip45
)
("C:\Program Files\MiKTeX 2.9\tex/latex\mathtools\mhsetup.sty"
Package: mhsetup 2017/03/31 v1.3 programming setup (MH)
)
("C:\Program Files\MiKTeX 2.9\tex/latex\amsmath\amsmath.sty"
Package: amsmath 2016/11/05 v2.16a AMS math features
\@mathmargin=\skip46

For additional information on amsmath, use the `?' option.
("C:\Program Files\MiKTeX 2.9\tex/latex\amsmath\amstext.sty"
Package: amstext 2000/06/29 v2.01 AMS text

("C:\Program Files\MiKTeX 2.9\tex/latex\amsmath\amsgen.sty"
File: amsgen.sty 1999/11/30 v2.0 generic functions
\@emptytoks=\toks17
\ex@=\dimen105
))
("C:\Program Files\MiKTeX 2.9\tex/latex\amsmath\amsbsy.sty"
Package: amsbsy 1999/11/29 v1.2d Bold Symbols
\pmbraise@=\dimen106
)
("C:\Program Files\MiKTeX 2.9\tex/latex\amsmath\amsopn.sty"
Package: amsopn 2016/03/08 v2.02 operator names
)
\inf@bad=\count90
LaTeX Info: Redefining \frac on input line 213.
\uproot@=\count91
\leftroot@=\count92
LaTeX Info: Redefining \overline on input line 375.
\classnum@=\count93
\DOTSCASE@=\count94
LaTeX Info: Redefining \ldots on input line 472.
LaTeX Info: Redefining \dots on input line 475.
LaTeX Info: Redefining \cdots on input line 596.
\Mathstrutbox@=\box26
\strutbox@=\box27
\big@size=\dimen107
LaTeX Font Info:    Redeclaring font encoding OML on input line 712.
LaTeX Font Info:    Redeclaring font encoding OMS on input line 713.
\macc@depth=\count95
\c@MaxMatrixCols=\count96
\dotsspace@=\muskip10
\c@parentequation=\count97
\dspbrk@lvl=\count98
\tag@help=\toks18
\row@=\count99
\column@=\count100
\maxfields@=\count101
\andhelp@=\toks19
\eqnshift@=\dimen108
\alignsep@=\dimen109
\tagshift@=\dimen110
\tagwidth@=\dimen111
\totwidth@=\dimen112
\lineht@=\dimen113
\@envbody=\toks20
\multlinegap=\skip47
\multlinetaggap=\skip48
\mathdisplay@stack=\toks21
LaTeX Info: Redefining \[ on input line 2817.
LaTeX Info: Redefining \] on input line 2818.
)
LaTeX Info: Thecontrolsequence`\('isalreadyrobust on input line 129.
LaTeX Info: Thecontrolsequence`\)'isalreadyrobust on input line 129.
LaTeX Info: Thecontrolsequence`\['isalreadyrobust on input line 129.
LaTeX Info: Thecontrolsequence`\]'isalreadyrobust on input line 129.
\g_MT_multlinerow_int=\count102
\l_MT_multwidth_dim=\dimen114
\origjot=\skip49
\l_MT_shortvdotswithinadjustabove_dim=\dimen115
\l_MT_shortvdotswithinadjustbelow_dim=\dimen116
\l_MT_above_intertext_sep=\dimen117
\l_MT_below_intertext_sep=\dimen118
\l_MT_above_shortintertext_sep=\dimen119
\l_MT_below_shortintertext_sep=\dimen120
)
("C:\Program Files\MiKTeX 2.9\tex/latex\titlesec\titlesec.sty"
Package: titlesec 2016/03/21 v2.10.2 Sectioning titles
\ttl@box=\box28
\beforetitleunit=\skip50
\aftertitleunit=\skip51
\ttl@plus=\dimen121
\ttl@minus=\dimen122
\ttl@toksa=\toks22
\titlewidth=\dimen123
\titlewidthlast=\dimen124
\titlewidthfirst=\dimen125
)
("C:\Program Files\MiKTeX 2.9\tex/latex\tools\indentfirst.sty"
Package: indentfirst 1995/11/23 v1.03 Indent first paragraph (DPC)
)
("C:\Program Files\MiKTeX 2.9\tex/latex\graphics\graphicx.sty"
Package: graphicx 2014/10/28 v1.0g Enhanced LaTeX Graphics (DPC,SPQR)

("C:\Program Files\MiKTeX 2.9\tex/latex\graphics\graphics.sty"
Package: graphics 2017/04/14 v1.1b Standard LaTeX Graphics (DPC,SPQR)

("C:\Program Files\MiKTeX 2.9\tex/latex\graphics\trig.sty"
Package: trig 2016/01/03 v1.10 sin cos tan (DPC)
)
("C:\Program Files\MiKTeX 2.9\tex/latex\graphics-cfg\graphics.cfg"
File: graphics.cfg 2016/06/04 v1.11 sample graphics configuration
)
Package graphics Info: Driver file: pdftex.def on input line 99.

("C:\Program Files\MiKTeX 2.9\tex/latex\graphics-def\pdftex.def"
File: pdftex.def 2017/01/12 v0.06k Graphics/color for pdfTeX

("C:\Program Files\MiKTeX 2.9\tex/generic\oberdiek\infwarerr.sty"
Package: infwarerr 2016/05/16 v1.4 Providing info/warning/error messages (HO)
)
("C:\Program Files\MiKTeX 2.9\tex/generic\oberdiek\ltxcmds.sty"
Package: ltxcmds 2016/05/16 v1.23 LaTeX kernel commands for general use (HO)
)
\Gread@gobject=\count103
))
\Gin@req@height=\dimen126
\Gin@req@width=\dimen127
)
("C:\Program Files\MiKTeX 2.9\tex/latex\float\float.sty"
Package: float 2001/11/08 v1.3d Float enhancements (AL)
\c@float@type=\count104
\float@exts=\toks23
\float@box=\box29
\@float@everytoks=\toks24
\@floatcapt=\box30
)
("C:\Users\BDRadu\AppData\Local\Programs\MiKTeX 2.9\tex\latex\url\url.sty"
\Urlmuskip=\muskip11
Package: url 2013/09/16  ver 3.4  Verb mode for urls, etc.
)
("C:\Users\BDRadu\AppData\Local\Programs\MiKTeX 2.9\tex\latex\koma-script\screx
tend.sty"
Package: scrextend 2018/03/30 v3.25 KOMA-Script package (extend other classes w
ith features of KOMA-Script classes)

("C:\Users\BDRadu\AppData\Local\Programs\MiKTeX 2.9\tex\latex\koma-script\scrkb
ase.sty"
Package: scrkbase 2018/03/30 v3.25 KOMA-Script package (KOMA-Script-dependent b
asics and keyval usage)

("C:\Users\BDRadu\AppData\Local\Programs\MiKTeX 2.9\tex\latex\koma-script\scrba
se.sty"
Package: scrbase 2018/03/30 v3.25 KOMA-Script package (KOMA-Script-independent 
basics and keyval usage)

("C:\Users\BDRadu\AppData\Local\Programs\MiKTeX 2.9\tex\latex\koma-script\scrlf
ile.sty"
Package: scrlfile 2018/03/30 v3.25 KOMA-Script package (loading files)
))))
("C:\Users\BDRadu\AppData\Local\Programs\MiKTeX 2.9\tex\latex\adjustbox\adjustb
ox.sty"
Package: adjustbox 2018/04/08 v1.1 Adjusting TeX boxes (trim, clip, ...)
 ("C:\Program Files\MiKTeX 2.9\tex/latex\xkeyval\xkeyval.sty"
Package: xkeyval 2014/12/03 v2.7a package option processing (HA)

("C:\Program Files\MiKTeX 2.9\tex/generic\xkeyval\xkeyval.tex"
("C:\Program Files\MiKTeX 2.9\tex/generic\xkeyval\xkvutils.tex"
\XKV@toks=\toks25
\XKV@tempa@toks=\toks26
)
\XKV@depth=\count105
File: xkeyval.tex 2014/12/03 v2.7a key=value parser (HA)
))
("C:\Users\BDRadu\AppData\Local\Programs\MiKTeX 2.9\tex\latex\adjustbox\adjcalc
.sty"
Package: adjcalc 2012/05/16 v1.1 Provides advanced setlength with multiple back
-ends (calc, etex, pgfmath)
)
("C:\Users\BDRadu\AppData\Local\Programs\MiKTeX 2.9\tex\latex\adjustbox\trimcli
p.sty"
Package: trimclip 2018/04/08 v1.1 Trim and clip general TeX material

("C:\Users\BDRadu\AppData\Local\Programs\MiKTeX 2.9\tex\latex\collectbox\collec
tbox.sty"
Package: collectbox 2012/05/17 v0.4b Collect macro arguments as boxes
\collectedbox=\box31
)
\tc@llx=\dimen128
\tc@lly=\dimen129
\tc@urx=\dimen130
\tc@ury=\dimen131
Package trimclip Info: Using driver 'tc-pdftex.def'.

("C:\Users\BDRadu\AppData\Local\Programs\MiKTeX 2.9\tex\latex\adjustbox\tc-pdft
ex.def"
File: tc-pdftex.def 2018/04/08 v2.1 Clipping driver for pdftex
))
\adjbox@Width=\dimen132
\adjbox@Height=\dimen133
\adjbox@Depth=\dimen134
\adjbox@Totalheight=\dimen135
\adjbox@pwidth=\dimen136
\adjbox@pheight=\dimen137
\adjbox@pdepth=\dimen138
\adjbox@ptotalheight=\dimen139

("C:\Users\BDRadu\AppData\Local\Programs\MiKTeX 2.9\tex\latex\ifoddpage\ifoddpa
ge.sty"
Package: ifoddpage 2016/04/23 v1.1 Conditionals for odd/even page detection
\c@checkoddpage=\count106
) ("C:\Program Files\MiKTeX 2.9\tex/latex\ltxmisc\varwidth.sty"
Package: varwidth 2009/03/30 ver 0.92;  Variable-width minipages
\@vwid@box=\box32
\sift@deathcycles=\count107
\@vwid@loff=\dimen140
\@vwid@roff=\dimen141
))
("C:\Program Files\MiKTeX 2.9\tex/latex\geometry\geometry.sty"
Package: geometry 2010/09/12 v5.6 Page Geometry

("C:\Program Files\MiKTeX 2.9\tex/generic\oberdiek\ifpdf.sty"
Package: ifpdf 2017/03/15 v3.2 Provides the ifpdf switch
)
("C:\Program Files\MiKTeX 2.9\tex/generic\oberdiek\ifvtex.sty"
Package: ifvtex 2016/05/16 v1.6 Detect VTeX and its facilities (HO)
Package ifvtex Info: VTeX not detected.
)
("C:\Program Files\MiKTeX 2.9\tex/generic\ifxetex\ifxetex.sty"
Package: ifxetex 2010/09/12 v0.6 Provides ifxetex conditional
)
\Gm@cnth=\count108
\Gm@cntv=\count109
\c@Gm@tempcnt=\count110
\Gm@bindingoffset=\dimen142
\Gm@wd@mp=\dimen143
\Gm@odd@mp=\dimen144
\Gm@even@mp=\dimen145
\Gm@layoutwidth=\dimen146
\Gm@layoutheight=\dimen147
\Gm@layouthoffset=\dimen148
\Gm@layoutvoffset=\dimen149
\Gm@dimlist=\toks27

("C:\Program Files\MiKTeX 2.9\tex/latex\geometry\geometry.cfg"))
("C:\Users\BDRadu\AppData\Local\Programs\MiKTeX 2.9\tex\latex\fancyhdr\fancyhdr
.sty"
Package: fancyhdr 2017/06/30 v3.9a Extensive control of page headers and footer
s
\f@nch@headwidth=\skip52
\f@nch@O@elh=\skip53
\f@nch@O@erh=\skip54
\f@nch@O@olh=\skip55
\f@nch@O@orh=\skip56
\f@nch@O@elf=\skip57
\f@nch@O@erf=\skip58
\f@nch@O@olf=\skip59
\f@nch@O@orf=\skip60
)

Package Fancyhdr Warning: \fancyhead's `E' option without twoside option is use
less on input line 25.


Package Fancyhdr Warning: \fancyhead's `E' option without twoside option is use
less on input line 26.

(documentatie.aux)
\openout1 = `documentatie.aux'.

LaTeX Font Info:    Checking defaults for OML/cmm/m/it on input line 51.
LaTeX Font Info:    ... okay on input line 51.
LaTeX Font Info:    Checking defaults for T1/cmr/m/n on input line 51.
LaTeX Font Info:    ... okay on input line 51.
LaTeX Font Info:    Checking defaults for OT1/cmr/m/n on input line 51.
LaTeX Font Info:    ... okay on input line 51.
LaTeX Font Info:    Checking defaults for OMS/cmsy/m/n on input line 51.
LaTeX Font Info:    ... okay on input line 51.
LaTeX Font Info:    Checking defaults for OMX/cmex/m/n on input line 51.
LaTeX Font Info:    ... okay on input line 51.
LaTeX Font Info:    Checking defaults for U/cmr/m/n on input line 51.
LaTeX Font Info:    ... okay on input line 51.

("C:\Users\BDRadu\AppData\Local\Programs\MiKTeX 2.9\tex\context\base\supp-pdf.m
kii"
[Loading MPS to PDF converter (version 2006.09.02).]
\scratchcounter=\count111
\scratchdimen=\dimen150
\scratchbox=\box33
\nofMPsegments=\count112
\nofMParguments=\count113
\everyMPshowfont=\toks28
\MPscratchCnt=\count114
\MPscratchDim=\dimen151
\MPnumerator=\count115
\makeMPintoPDFobject=\count116
\everyMPtoPDFconversion=\toks29
) ("C:\Program Files\MiKTeX 2.9\tex/generic\oberdiek\pdftexcmds.sty"
Package: pdftexcmds 2017/03/19 v0.25 Utility functions of pdfTeX for LuaTeX (HO
)

("C:\Program Files\MiKTeX 2.9\tex/generic\oberdiek\ifluatex.sty"
Package: ifluatex 2016/05/16 v1.4 Provides the ifluatex switch (HO)
Package ifluatex Info: LuaTeX not detected.
)
Package pdftexcmds Info: LuaTeX not detected.
Package pdftexcmds Info: \pdf@primitive is available.
Package pdftexcmds Info: \pdf@ifprimitive is available.
Package pdftexcmds Info: \pdfdraftmode found.
)
("C:\Program Files\MiKTeX 2.9\tex/latex\oberdiek\epstopdf-base.sty"
Package: epstopdf-base 2016/05/15 v2.6 Base part for package epstopdf

("C:\Program Files\MiKTeX 2.9\tex/latex\oberdiek\grfext.sty"
Package: grfext 2016/05/16 v1.2 Manage graphics extensions (HO)

("C:\Program Files\MiKTeX 2.9\tex/generic\oberdiek\kvdefinekeys.sty"
Package: kvdefinekeys 2016/05/16 v1.4 Define keys (HO)
))
("C:\Program Files\MiKTeX 2.9\tex/latex\oberdiek\kvoptions.sty"
Package: kvoptions 2016/05/16 v3.12 Key value format for package options (HO)

("C:\Program Files\MiKTeX 2.9\tex/generic\oberdiek\kvsetkeys.sty"
Package: kvsetkeys 2016/05/16 v1.17 Key value parser (HO)

("C:\Program Files\MiKTeX 2.9\tex/generic\oberdiek\etexcmds.sty"
Package: etexcmds 2016/05/16 v1.6 Avoid name clashes with e-TeX commands (HO)
Package etexcmds Info: Could not find \expanded.
(etexcmds)             That can mean that you are not using pdfTeX 1.50 or
(etexcmds)             that some package has redefined \expanded.
(etexcmds)             In the latter case, load this package earlier.
)))
Package epstopdf-base Info: Redefining graphics rule for `.eps' on input line 4
38.
Package grfext Info: Graphics extension search list:
(grfext)             [.png,.pdf,.jpg,.mps,.jpeg,.jbig2,.jb2,.PNG,.PDF,.JPG,.JPE
G,.JBIG2,.JB2,.eps]
(grfext)             \AppendGraphicsExtensions on input line 456.
)
*geometry* driver: auto-detecting
*geometry* detected driver: pdftex
*geometry* verbose mode - [ preamble ] result:
* driver: pdftex
* paper: a4paper
* layout: <same size as paper>
* layoutoffset:(h,v)=(0.0pt,0.0pt)
* modes: 
* h-part:(L,W,R)=(89.62709pt, 418.25368pt, 89.6271pt)
* v-part:(T,H,B)=(101.40665pt, 591.5302pt, 152.11pt)
* \paperwidth=597.50787pt
* \paperheight=845.04684pt
* \textwidth=418.25368pt
* \textheight=591.5302pt
* \oddsidemargin=17.3571pt
* \evensidemargin=17.3571pt
* \topmargin=-7.86334pt
* \headheight=12.0pt
* \headsep=25.0pt
* \topskip=12.0pt
* \footskip=30.0pt
* \marginparwidth=44.0pt
* \marginparsep=10.0pt
* \columnsep=10.0pt
* \skip\footins=10.8pt plus 4.0pt minus 2.0pt
* \hoffset=0.0pt
* \voffset=0.0pt
* \mag=1000
* \@twocolumnfalse
* \@twosidefalse
* \@mparswitchfalse
* \@reversemarginfalse
* (1in=72.27pt=25.4mm, 1cm=28.453pt)

<images/sigla.png, id=1, 615.80063pt x 262.73157pt>
File: images/sigla.png Graphic file (type png)
 <use images/sigla.png>
Package pdftex.def Info: images/sigla.png used on input line 58.
(pdftex.def)             Requested size: 246.31589pt x 105.09076pt.

Overfull \hbox (176.31589pt too wide) in paragraph at lines 58--59
[][] 
 []

<images/sigla_footer.png, id=3, 115.18031pt x 113.67468pt>
File: images/sigla_footer.png Graphic file (type png)

<use images/sigla_footer.png>
Package pdftex.def Info: images/sigla_footer.png used on input line 82.
(pdftex.def)             Requested size: 17.27629pt x 17.05046pt.
 [1

{C:/Users/BDRadu/AppData/Local/MiKTeX/2.9/pdftex/config/pdftex.map} <./images/s
igla.png> <./images/sigla_footer.png>]
(documentatie.toc
File: images/sigla_footer.png Graphic file (type png)
 <use images/sigla_footer.png>
Package pdftex.def Info: images/sigla_footer.png used on input line 27.
(pdftex.def)             Requested size: 17.27629pt x 17.05046pt.
 [1]
File: images/sigla_footer.png Graphic file (type png)

<use images/sigla_footer.png>
Package pdftex.def Info: images/sigla_footer.png used on input line 50.
(pdftex.def)             Requested size: 17.27629pt x 17.05046pt.
 [2])
\tf@toc=\write3
\openout3 = `documentatie.toc'.

File: images/sigla_footer.png Graphic file (type png)
 <use images/sigla_footer.png>
Package pdftex.def Info: images/sigla_footer.png used on input line 89.
(pdftex.def)             Requested size: 17.27629pt x 17.05046pt.
 [3]
Overfull \hbox (5.25998pt too wide) in paragraph at lines 97--98
[]\OT1/cmr/m/n/12 Aceasta lu-crare are scopul de a in-forma citi-torul asupra u
nor metoda de analizare
 []

LaTeX Font Info:    Try loading font information for OMS+cmr on input line 103.

("C:\Program Files\MiKTeX 2.9\tex/latex\base\omscmr.fd"
File: omscmr.fd 2014/09/29 v2.5h Standard LaTeX font definitions
)
LaTeX Font Info:    Font shape `OMS/cmr/m/n' in size <12> not available
(Font)              Font shape `OMS/cmsy/m/n' tried instead on input line 103.
File: images/sigla_footer.png Graphic file (type png)

<use images/sigla_footer.png>
Package pdftex.def Info: images/sigla_footer.png used on input line 108.
(pdftex.def)             Requested size: 17.27629pt x 17.05046pt.
 [1

]
File: images/sigla_footer.png Graphic file (type png)
 <use images/sigla_footer.png>
Package pdftex.def Info: images/sigla_footer.png used on input line 139.
(pdftex.def)             Requested size: 17.27629pt x 17.05046pt.
 [2]
<images/Picture1.png, id=31, 331.2375pt x 316.93407pt>
File: images/Picture1.png Graphic file (type png)

<use images/Picture1.png>
Package pdftex.def Info: images/Picture1.png used on input line 150.
(pdftex.def)             Requested size: 165.61833pt x 158.46664pt.

<images/Picture2.png, id=32, 568.37344pt x 219.06844pt>
File: images/Picture2.png Graphic file (type png)

<use images/Picture2.png>
Package pdftex.def Info: images/Picture2.png used on input line 157.
(pdftex.def)             Requested size: 418.25368pt x 161.21559pt.
File: images/sigla_footer.png Graphic file (type png)
 <use images/sigla_footer.png>
Package pdftex.def Info: images/sigla_footer.png used on input line 159.
(pdftex.def)             Requested size: 17.27629pt x 17.05046pt.
 [3 <./images/Picture1.png>]
File: images/sigla_footer.png Graphic file (type png)
 <use images/sigla_footer.png>
Package pdftex.def Info: images/sigla_footer.png used on input line 190.
(pdftex.def)             Requested size: 17.27629pt x 17.05046pt.
 [4 <./images/Picture2.png>]
File: images/sigla_footer.png Graphic file (type png)

<use images/sigla_footer.png>
Package pdftex.def Info: images/sigla_footer.png used on input line 222.
(pdftex.def)             Requested size: 17.27629pt x 17.05046pt.
 [5]
File: images/sigla_footer.png Graphic file (type png)
 <use images/sigla_footer.png>
Package pdftex.def Info: images/sigla_footer.png used on input line 230.
(pdftex.def)             Requested size: 17.27629pt x 17.05046pt.
 [6]
<images/Compute.png, id=52, 623.32875pt x 234.1247pt>
File: images/Compute.png Graphic file (type png)
 <use images/Compute.png>
Package pdftex.def Info: images/Compute.png used on input line 237.
(pdftex.def)             Requested size: 418.25368pt x 157.0985pt.

<images/Test1.png, id=53, 758.835pt x 307.90031pt>
File: images/Test1.png Graphic file (type png)
 <use images/Test1.png>
Package pdftex.def Info: images/Test1.png used on input line 244.
(pdftex.def)             Requested size: 418.25368pt x 169.71214pt.
File: images/sigla_footer.png Graphic file (type png)

<use images/sigla_footer.png>
Package pdftex.def Info: images/sigla_footer.png used on input line 246.
(pdftex.def)             Requested size: 17.27629pt x 17.05046pt.
 [7 <./images/Compute.png> <./images/Test1.png>]
<images/Test2.png, id=59, 756.57657pt x 302.63063pt>
File: images/Test2.png Graphic file (type png)
 <use images/Test2.png>
Package pdftex.def Info: images/Test2.png used on input line 253.
(pdftex.def)             Requested size: 418.25368pt x 167.30164pt.
File: images/sigla_footer.png Graphic file (type png)

<use images/sigla_footer.png>
Package pdftex.def Info: images/sigla_footer.png used on input line 264.
(pdftex.def)             Requested size: 17.27629pt x 17.05046pt.
 [8 <./images/Test2.png>]
<images/threecloud1.png, id=64, 1113.40968pt x 456.20438pt>
File: images/threecloud1.png Graphic file (type png)

<use images/threecloud1.png>
Package pdftex.def Info: images/threecloud1.png used on input line 268.
(pdftex.def)             Requested size: 418.25368pt x 171.36858pt.

<images/threecloud2.png, id=65, 1112.65688pt x 455.45157pt>
File: images/threecloud2.png Graphic file (type png)

<use images/threecloud2.png>
Package pdftex.def Info: images/threecloud2.png used on input line 275.
(pdftex.def)             Requested size: 418.25368pt x 171.21089pt.

<images/threecloud3.png, id=66, 1113.40968pt x 457.71pt>
File: images/threecloud3.png Graphic file (type png)

<use images/threecloud3.png>
Package pdftex.def Info: images/threecloud3.png used on input line 282.
(pdftex.def)             Requested size: 418.25368pt x 171.93416pt.
File: images/sigla_footer.png Graphic file (type png)
 <use images/sigla_footer.png>
Package pdftex.def Info: images/sigla_footer.png used on input line 284.
(pdftex.def)             Requested size: 17.27629pt x 17.05046pt.
 [9 <./images/threecloud1.png> <./images/threecloud2.png>]
File: images/sigla_footer.png Graphic file (type png)
 <use images/sigla_footer.png>
Package pdftex.def Info: images/sigla_footer.png used on input line 285.
(pdftex.def)             Requested size: 17.27629pt x 17.05046pt.
 [10 <./images/threecloud3.png>]
File: images/sigla_footer.png Graphic file (type png)
 <use images/sigla_footer.png>
Package pdftex.def Info: images/sigla_footer.png used on input line 317.
(pdftex.def)             Requested size: 17.27629pt x 17.05046pt.
 [11]
<images/twomoon1.png, id=78, 1114.1625pt x 456.20438pt>
File: images/twomoon1.png Graphic file (type png)

<use images/twomoon1.png>
Package pdftex.def Info: images/twomoon1.png used on input line 324.
(pdftex.def)             Requested size: 418.25368pt x 171.2572pt.
File: images/sigla_footer.png Graphic file (type png)
 <use images/sigla_footer.png>
Package pdftex.def Info: images/sigla_footer.png used on input line 338.
(pdftex.def)             Requested size: 17.27629pt x 17.05046pt.
 [12 <./images/twomoon1.png>] <images/tenfold1.png, id=82, 1113.40968pt x 469.0
0218pt>
File: images/tenfold1.png Graphic file (type png)

<use images/tenfold1.png>
Package pdftex.def Info: images/tenfold1.png used on input line 349.
(pdftex.def)             Requested size: 418.25368pt x 176.17595pt.
File: images/sigla_footer.png Graphic file (type png)
 <use images/sigla_footer.png>
Package pdftex.def Info: images/sigla_footer.png used on input line 352.
(pdftex.def)             Requested size: 17.27629pt x 17.05046pt.
 [13 <./images/tenfold1.png>] <images/eigenfaces.png, id=86, 632.3625pt x 289.0
8pt>
File: images/eigenfaces.png Graphic file (type png)

<use images/eigenfaces.png>
Package pdftex.def Info: images/eigenfaces.png used on input line 366.
(pdftex.def)             Requested size: 418.25368pt x 191.2036pt.
File: images/sigla_footer.png Graphic file (type png)
 <use images/sigla_footer.png>
Package pdftex.def Info: images/sigla_footer.png used on input line 374.
(pdftex.def)             Requested size: 17.27629pt x 17.05046pt.
 [14 <./images/eigenfaces.png>]
File: images/sigla_footer.png Graphic file (type png)
 <use images/sigla_footer.png>
Package pdftex.def Info: images/sigla_footer.png used on input line 412.
(pdftex.def)             Requested size: 17.27629pt x 17.05046pt.
 [15]
File: images/sigla_footer.png Graphic file (type png)
 <use images/sigla_footer.png>
Package pdftex.def Info: images/sigla_footer.png used on input line 415.
(pdftex.def)             Requested size: 17.27629pt x 17.05046pt.

[16] <images/two-sound-sources.png, id=97, 928.21782pt x 737.00343pt>
File: images/two-sound-sources.png Graphic file (type png)

<use images/two-sound-sources.png>
Package pdftex.def Info: images/two-sound-sources.png used on input line 435.
(pdftex.def)             Requested size: 371.28055pt x 294.79614pt.
File: images/sigla_footer.png Graphic file (type png)
 <use images/sigla_footer.png>
Package pdftex.def Info: images/sigla_footer.png used on input line 436.
(pdftex.def)             Requested size: 17.27629pt x 17.05046pt.
 [17]
File: images/sigla_footer.png Graphic file (type png)

<use images/sigla_footer.png>
Package pdftex.def Info: images/sigla_footer.png used on input line 450.
(pdftex.def)             Requested size: 17.27629pt x 17.05046pt.
 [18 <./images/two-sound-sources.png>]
File: images/sigla_footer.png Graphic file (type png)

<use images/sigla_footer.png>
Package pdftex.def Info: images/sigla_footer.png used on input line 474.
(pdftex.def)             Requested size: 17.27629pt x 17.05046pt.
 [19]
File: images/sigla_footer.png Graphic file (type png)
 <use images/sigla_footer.png>
Package pdftex.def Info: images/sigla_footer.png used on input line 482.
(pdftex.def)             Requested size: 17.27629pt x 17.05046pt.
 [20]
File: images/sigla_footer.png Graphic file (type png)

<use images/sigla_footer.png>
Package pdftex.def Info: images/sigla_footer.png used on input line 516.
(pdftex.def)             Requested size: 17.27629pt x 17.05046pt.
 [21]
<images/multivariate_gaussian_distribution.png, id=114, 280.04625pt x 280.79906
pt>
File: images/multivariate_gaussian_distribution.png Graphic file (type png)
 <use images/multivariate_gaussian_distribution.png>
Package pdftex.def Info: images/multivariate_gaussian_distribution.png used on 
input line 531.
(pdftex.def)             Requested size: 252.03928pt x 252.71681pt.
File: images/sigla_footer.png Graphic file (type png)

<use images/sigla_footer.png>
Package pdftex.def Info: images/sigla_footer.png used on input line 532.
(pdftex.def)             Requested size: 17.27629pt x 17.05046pt.
 [22]
File: images/sigla_footer.png Graphic file (type png)
 <use images/sigla_footer.png>
Package pdftex.def Info: images/sigla_footer.png used on input line 544.
(pdftex.def)             Requested size: 17.27629pt x 17.05046pt.
 [23 <./images/multivariate_gaussian_distribution.png>]
File: images/sigla_footer.png Graphic file (type png)
 <use images/sigla_footer.png>
Package pdftex.def Info: images/sigla_footer.png used on input line 555.
(pdftex.def)             Requested size: 17.27629pt x 17.05046pt.
 [24]
<images/laplace_distribution.png, id=124, 803.0pt x 602.25pt>
File: images/laplace_distribution.png Graphic file (type png)

<use images/laplace_distribution.png>
Package pdftex.def Info: images/laplace_distribution.png used on input line 571
.
(pdftex.def)             Requested size: 240.90186pt x 180.67639pt.
File: images/sigla_footer.png Graphic file (type png)
 <use images/sigla_footer.png>
Package pdftex.def Info: images/sigla_footer.png used on input line 576.
(pdftex.def)             Requested size: 17.27629pt x 17.05046pt.
 [25 <./images/laplace_distribution.png>]
<images/uniform_distribution.png, id=129, 371.88937pt x 121.95563pt>
File: images/uniform_distribution.png Graphic file (type png)

<use images/uniform_distribution.png>
Package pdftex.def Info: images/uniform_distribution.png used on input line 577
.
(pdftex.def)             Requested size: 446.26501pt x 146.346pt.

Overfull \hbox (28.01134pt too wide) in paragraph at lines 577--578
 [] 
 []


Overfull \hbox (1.83817pt too wide) in paragraph at lines 602--604
\OT1/cmr/m/n/12 de op-ti-mizare este ur-ma-toarea: care este max-imul func-tiei
 $\OMS/cmsy/m/n/12 j\OML/cmm/m/it/12 kurt\OT1/cmr/m/n/12 (\OML/cmm/m/it/12 y\OT
1/cmr/m/n/12 )\OMS/cmsy/m/n/12 j \OT1/cmr/m/n/12 = \OMS/cmsy/m/n/12 j\OML/cmm/m
/it/12 z[]kurt\OT1/cmr/m/n/12 (\OML/cmm/m/it/12 s[]\OT1/cmr/m/n/12 ) +
 []

File: images/sigla_footer.png Graphic file (type png)
<use images/sigla_footer.png>
Package pdftex.def Info: images/sigla_footer.png used on input line 604.
(pdftex.def)             Requested size: 17.27629pt x 17.05046pt.
 [26 <./images/uniform_distribution.png>]
File: images/sigla_footer.png Graphic file (type png)

<use images/sigla_footer.png>
Package pdftex.def Info: images/sigla_footer.png used on input line 623.
(pdftex.def)             Requested size: 17.27629pt x 17.05046pt.
 [27]
File: images/sigla_footer.png Graphic file (type png)
 <use images/sigla_footer.png>
Package pdftex.def Info: images/sigla_footer.png used on input line 647.
(pdftex.def)             Requested size: 17.27629pt x 17.05046pt.
 [28]
File: images/sigla_footer.png Graphic file (type png)

<use images/sigla_footer.png>
Package pdftex.def Info: images/sigla_footer.png used on input line 666.
(pdftex.def)             Requested size: 17.27629pt x 17.05046pt.
 [29]
<sigmoid_function.png, id=144, 602.25pt x 401.5pt>
File: sigmoid_function.png Graphic file (type png)
 <use sigmoid_function.png>
Package pdftex.def Info: sigmoid_function.png used on input line 676.
(pdftex.def)             Requested size: 361.35278pt x 240.90184pt.

Overfull \hbox (5.29054pt too wide) in paragraph at lines 681--682
[]\OT1/cmr/m/n/12 Implementarea al-go-rit-mu-lui s-a fa-cut in lim-ba-jul de pr
o-gra-mare Python, folosind
 []

File: images/sigla_footer.png Graphic file (type png)
<use images/sigla_footer.png>
Package pdftex.def Info: images/sigla_footer.png used on input line 682.
(pdftex.def)             Requested size: 17.27629pt x 17.05046pt.
 [30 <./sigmoid_function.png>]
File: images/sigla_footer.png Graphic file (type png)

<use images/sigla_footer.png>
Package pdftex.def Info: images/sigla_footer.png used on input line 695.
(pdftex.def)             Requested size: 17.27629pt x 17.05046pt.
 [31]
File: images/two-sound-sources.png Graphic file (type png)
 <use images/two-sound-sources.png>
Package pdftex.def Info: images/two-sound-sources.png used on input line 697.
(pdftex.def)             Requested size: 278.4675pt x 221.10274pt.
File: images/sigla_footer.png Graphic file (type png)

<use images/sigla_footer.png>
Package pdftex.def Info: images/sigla_footer.png used on input line 711.
(pdftex.def)             Requested size: 17.27629pt x 17.05046pt.
 [32]
File: images/sigla_footer.png Graphic file (type png)
 <use images/sigla_footer.png>
Package pdftex.def Info: images/sigla_footer.png used on input line 725.
(pdftex.def)             Requested size: 17.27629pt x 17.05046pt.
 [33]
File: images/sigla_footer.png Graphic file (type png)

<use images/sigla_footer.png>
Package pdftex.def Info: images/sigla_footer.png used on input line 729.
(pdftex.def)             Requested size: 17.27629pt x 17.05046pt.
 [34]
<images/primitive_waves.png, id=162, 298.11375pt x 386.19281pt>
File: images/primitive_waves.png Graphic file (type png)

<use images/primitive_waves.png>
Package pdftex.def Info: images/primitive_waves.png used on input line 736.
(pdftex.def)             Requested size: 238.49132pt x 308.95465pt.

<images/primitives_mixed.png, id=163, 276.28218pt x 192.72pt>
File: images/primitives_mixed.png Graphic file (type png)

<use images/primitives_mixed.png>
Package pdftex.def Info: images/primitives_mixed.png used on input line 748.
(pdftex.def)             Requested size: 276.2815pt x 192.71951pt.
File: images/sigla_footer.png Graphic file (type png)
 <use images/sigla_footer.png>
Package pdftex.def Info: images/sigla_footer.png used on input line 749.
(pdftex.def)             Requested size: 17.27629pt x 17.05046pt.
 [35 <./images/primitive_waves.png>]
<images/primitives_separated.png, id=167, 298.86656pt x 391.4625pt>
File: images/primitives_separated.png Graphic file (type png)

<use images/primitives_separated.png>
Package pdftex.def Info: images/primitives_separated.png used on input line 755
.
(pdftex.def)             Requested size: 298.86581pt x 391.46153pt.
File: images/sigla_footer.png Graphic file (type png)
 <use images/sigla_footer.png>
Package pdftex.def Info: images/sigla_footer.png used on input line 756.
(pdftex.def)             Requested size: 17.27629pt x 17.05046pt.
 [36 <./images/primitives_mixed.png>]
<images/music_music.png, id=172, 296.60812pt x 192.72pt>
File: images/music_music.png Graphic file (type png)

<use images/music_music.png>
Package pdftex.def Info: images/music_music.png used on input line 763.
(pdftex.def)             Requested size: 296.60739pt x 192.71951pt.
File: images/sigla_footer.png Graphic file (type png)
 <use images/sigla_footer.png>
Package pdftex.def Info: images/sigla_footer.png used on input line 764.
(pdftex.def)             Requested size: 17.27629pt x 17.05046pt.
 [37 <./images/primitives_separated.png>]
<images/speech_music.png, id=177, 298.86656pt x 189.70876pt>
File: images/speech_music.png Graphic file (type png)

<use images/speech_music.png>
Package pdftex.def Info: images/speech_music.png used on input line 766.
(pdftex.def)             Requested size: 298.86581pt x 189.70828pt.

<images/music_mixed_1.png, id=178, 295.1025pt x 195.73125pt>
File: images/music_mixed_1.png Graphic file (type png)

<use images/music_mixed_1.png>
Package pdftex.def Info: images/music_mixed_1.png used on input line 778.
(pdftex.def)             Requested size: 295.10176pt x 195.73076pt.
File: images/sigla_footer.png Graphic file (type png)
 <use images/sigla_footer.png>
Package pdftex.def Info: images/sigla_footer.png used on input line 779.
(pdftex.def)             Requested size: 17.27629pt x 17.05046pt.
 [38 <./images/music_music.png> <./images/speech_music.png>]
<images/music_mixed_2.png, id=182, 283.0575pt x 190.46156pt>
File: images/music_mixed_2.png Graphic file (type png)

<use images/music_mixed_2.png>
Package pdftex.def Info: images/music_mixed_2.png used on input line 781.
(pdftex.def)             Requested size: 283.0568pt x 190.46107pt.

<images/music_separated_1.png, id=183, 294.34969pt x 194.22563pt>
File: images/music_separated_1.png Graphic file (type png)

<use images/music_separated_1.png>
Package pdftex.def Info: images/music_separated_1.png used on input line 787.
(pdftex.def)             Requested size: 294.34895pt x 194.22514pt.
File: images/sigla_footer.png Graphic file (type png)
 <use images/sigla_footer.png>
Package pdftex.def Info: images/sigla_footer.png used on input line 788.
(pdftex.def)             Requested size: 17.27629pt x 17.05046pt.
 [39 <./images/music_mixed_1.png> <./images/music_mixed_2.png>]
<images/music_separated_2.png, id=190, 290.58563pt x 194.97844pt>
File: images/music_separated_2.png Graphic file (type png)

<use images/music_separated_2.png>
Package pdftex.def Info: images/music_separated_2.png used on input line 790.
(pdftex.def)             Requested size: 290.58492pt x 194.97795pt.

<images/english_speech.png, id=191, 294.34969pt x 185.94469pt>
File: images/english_speech.png Graphic file (type png)

<use images/english_speech.png>
Package pdftex.def Info: images/english_speech.png used on input line 797.
(pdftex.def)             Requested size: 294.34895pt x 185.94421pt.
File: images/sigla_footer.png Graphic file (type png)
 <use images/sigla_footer.png>
Package pdftex.def Info: images/sigla_footer.png used on input line 798.
(pdftex.def)             Requested size: 17.27629pt x 17.05046pt.
 [40 <./images/music_separated_1.png> <./images/music_separated_2.png>]
<images/spanish_speech.png, id=197, 296.60812pt x 185.94469pt>
File: images/spanish_speech.png Graphic file (type png)

<use images/spanish_speech.png>
Package pdftex.def Info: images/spanish_speech.png used on input line 799.
(pdftex.def)             Requested size: 296.60739pt x 185.94421pt.

<images/speech_mixed_1.png, id=198, 280.79906pt x 188.20313pt>
File: images/speech_mixed_1.png Graphic file (type png)

<use images/speech_mixed_1.png>
Package pdftex.def Info: images/speech_mixed_1.png used on input line 811.
(pdftex.def)             Requested size: 280.79837pt x 188.20265pt.
File: images/sigla_footer.png Graphic file (type png)
 <use images/sigla_footer.png>
Package pdftex.def Info: images/sigla_footer.png used on input line 812.
(pdftex.def)             Requested size: 17.27629pt x 17.05046pt.
 [41 <./images/english_speech.png> <./images/spanish_speech.png>]
<images/speech_mixed_2.png, id=202, 277.78781pt x 185.94469pt>
File: images/speech_mixed_2.png Graphic file (type png)

<use images/speech_mixed_2.png>
Package pdftex.def Info: images/speech_mixed_2.png used on input line 814.
(pdftex.def)             Requested size: 277.78711pt x 185.94421pt.

<images/speech_separated_1.png, id=203, 300.3722pt x 194.22563pt>
File: images/speech_separated_1.png Graphic file (type png)

<use images/speech_separated_1.png>
Package pdftex.def Info: images/speech_separated_1.png used on input line 821.
(pdftex.def)             Requested size: 300.37144pt x 194.22514pt.
File: images/sigla_footer.png Graphic file (type png)
 <use images/sigla_footer.png>
Package pdftex.def Info: images/sigla_footer.png used on input line 822.
(pdftex.def)             Requested size: 17.27629pt x 17.05046pt.
 [42 <./images/speech_mixed_1.png> <./images/speech_mixed_2.png>]
<images/speech_separated_2.png, id=209, 295.85532pt x 186.6975pt>
File: images/speech_separated_2.png Graphic file (type png)

<use images/speech_separated_2.png>
Package pdftex.def Info: images/speech_separated_2.png used on input line 824.
(pdftex.def)             Requested size: 295.85458pt x 186.69704pt.
File: images/sigla_footer.png Graphic file (type png)
 <use images/sigla_footer.png>
Package pdftex.def Info: images/sigla_footer.png used on input line 831.
(pdftex.def)             Requested size: 17.27629pt x 17.05046pt.
 [43 <./images/speech_separated_1.png> <./images/speech_separated_2.png>]
<images/three_initial.png, id=215, 466.74374pt x 458.46281pt>
File: images/three_initial.png Graphic file (type png)

<use images/three_initial.png>
Package pdftex.def Info: images/three_initial.png used on input line 832.
(pdftex.def)             Requested size: 466.7426pt x 458.46169pt.

Overfull \hbox (48.48892pt too wide) in paragraph at lines 832--833
 [] 
 []

File: images/sigla_footer.png Graphic file (type png)
<use images/sigla_footer.png>
Package pdftex.def Info: images/sigla_footer.png used on input line 842.
(pdftex.def)             Requested size: 17.27629pt x 17.05046pt.
 [44 <./images/three_initial.png>]
<images/three_mixed.png, id=219, 456.95718pt x 458.46281pt>
File: images/three_mixed.png Graphic file (type png)

<use images/three_mixed.png>
Package pdftex.def Info: images/three_mixed.png used on input line 845.
(pdftex.def)             Requested size: 456.95605pt x 458.46169pt.

Overfull \hbox (38.70238pt too wide) in paragraph at lines 845--846
 [] 
 []

File: images/sigla_footer.png Graphic file (type png)
<use images/sigla_footer.png>
Package pdftex.def Info: images/sigla_footer.png used on input line 849.
(pdftex.def)             Requested size: 17.27629pt x 17.05046pt.
 [45 <./images/three_mixed.png>]
<images/three_separated.png, id=225, 470.50781pt x 460.72125pt>
File: images/three_separated.png Graphic file (type png)

<use images/three_separated.png>
Package pdftex.def Info: images/three_separated.png used on input line 850.
(pdftex.def)             Requested size: 470.50665pt x 460.72012pt.

Overfull \hbox (52.25298pt too wide) in paragraph at lines 850--851
 [] 
 []

File: images/sigla_footer.png Graphic file (type png)
<use images/sigla_footer.png>
Package pdftex.def Info: images/sigla_footer.png used on input line 855.
(pdftex.def)             Requested size: 17.27629pt x 17.05046pt.
 [46 <./images/three_separated.png>]
<images/pca_vs_ica.png, id=230, 534.49687pt x 533.74406pt>
File: images/pca_vs_ica.png Graphic file (type png)

<use images/pca_vs_ica.png>
Package pdftex.def Info: images/pca_vs_ica.png used on input line 859.
(pdftex.def)             Requested size: 418.25368pt x 417.67879pt.
File: images/sigla_footer.png Graphic file (type png)
 <use images/sigla_footer.png>
Package pdftex.def Info: images/sigla_footer.png used on input line 860.
(pdftex.def)             Requested size: 17.27629pt x 17.05046pt.
 [47]
File: images/sigla_footer.png Graphic file (type png)

<use images/sigla_footer.png>
Package pdftex.def Info: images/sigla_footer.png used on input line 866.
(pdftex.def)             Requested size: 17.27629pt x 17.05046pt.
 [48 <./images/pca_vs_ica.png>]
<images/real_mixed.png, id=237, 289.08pt x 392.21532pt>
File: images/real_mixed.png Graphic file (type png)

<use images/real_mixed.png>
Package pdftex.def Info: images/real_mixed.png used on input line 869.
(pdftex.def)             Requested size: 289.07928pt x 392.21436pt.
File: images/sigla_footer.png Graphic file (type png)
 <use images/sigla_footer.png>
Package pdftex.def Info: images/sigla_footer.png used on input line 873.
(pdftex.def)             Requested size: 17.27629pt x 17.05046pt.
 [49 <./images/real_mixed.png>] <images/real_separated.png, id=242, 301.125pt x
 387.69844pt>
File: images/real_separated.png Graphic file (type png)

<use images/real_separated.png>
Package pdftex.def Info: images/real_separated.png used on input line 874.
(pdftex.def)             Requested size: 301.12425pt x 387.69748pt.
File: images/sigla_footer.png Graphic file (type png)
 <use images/sigla_footer.png>
Package pdftex.def Info: images/sigla_footer.png used on input line 882.
(pdftex.def)             Requested size: 17.27629pt x 17.05046pt.
 [50 <./images/real_separated.png>] <images/meg_1.png, id=247, 402.00188pt x 36
9.63094pt>
File: images/meg_1.png Graphic file (type png)

<use images/meg_1.png>
Package pdftex.def Info: images/meg_1.png used on input line 894.
(pdftex.def)             Requested size: 402.00089pt x 369.63002pt.
File: images/sigla_footer.png Graphic file (type png)
 <use images/sigla_footer.png>
Package pdftex.def Info: images/sigla_footer.png used on input line 895.
(pdftex.def)             Requested size: 17.27629pt x 17.05046pt.
 [51]
<images/meg_2.png, id=252, 415.5525pt x 611.28375pt>
File: images/meg_2.png Graphic file (type png)
 <use images/meg_2.png>
Package pdftex.def Info: images/meg_2.png used on input line 900.
(pdftex.def)             Requested size: 332.44244pt x 489.02766pt.
File: images/sigla_footer.png Graphic file (type png)

<use images/sigla_footer.png>
Package pdftex.def Info: images/sigla_footer.png used on input line 901.
(pdftex.def)             Requested size: 17.27629pt x 17.05046pt.
 [52 <./images/meg_1.png>]
File: images/sigla_footer.png Graphic file (type png)

<use images/sigla_footer.png>
Package pdftex.def Info: images/sigla_footer.png used on input line 903.
(pdftex.def)             Requested size: 17.27629pt x 17.05046pt.
 [53 <./images/meg_2.png>]
File: images/sigla_footer.png Graphic file (type png)

<use images/sigla_footer.png>
Package pdftex.def Info: images/sigla_footer.png used on input line 913.
(pdftex.def)             Requested size: 17.27629pt x 17.05046pt.
 [54]
File: images/sigla_footer.png Graphic file (type png)
 <use images/sigla_footer.png>
Package pdftex.def Info: images/sigla_footer.png used on input line 913.
(pdftex.def)             Requested size: 17.27629pt x 17.05046pt.
 [55]
File: images/sigla_footer.png Graphic file (type png)

<use images/sigla_footer.png>
Package pdftex.def Info: images/sigla_footer.png used on input line 920.
(pdftex.def)             Requested size: 17.27629pt x 17.05046pt.
 [56] (documentatie.bbl
Underfull \hbox (badness 1019) in paragraph at lines 58--61
[]\OT1/cmr/m/n/12 Blind source sep-a-ra-tion for noise re-duc-tion in mo-bile.
 []


Overfull \hbox (5.2614pt too wide) in paragraph at lines 80--84
\OT1/cmr/m/n/12 probability-[]concepts-[]explained-[]maximum-[]likelihood-[]est
imation-[]c7b4342fdbb1$ 
 []


Underfull \hbox (badness 4156) in paragraph at lines 99--102
[]\OT1/cmr/m/n/12 Blind source sep-a-ra-tion us-ing fas-tica - scikit-
 []


Underfull \hbox (badness 3482) in paragraph at lines 99--102
\OT1/cmr/m/n/12 learn. [On-line]. Avail-able: $http : / / scikit-[]learn . org 
/ stable /
 []


Underfull \hbox (badness 10000) in paragraph at lines 99--102
\OT1/cmr/m/n/12 auto[]examples / decomposition / plot[]ica[]blind[]source[]sepa
ration . html #
 []

File: images/sigla_footer.png Graphic file (type png)
<use images/sigla_footer.png>
Package pdftex.def Info: images/sigla_footer.png used on input line 102.
(pdftex.def)             Requested size: 17.27629pt x 17.05046pt.
 [57])
File: images/sigla_footer.png Graphic file (type png)
 <use images/sigla_footer.png>
Package pdftex.def Info: images/sigla_footer.png used on input line 926.
(pdftex.def)             Requested size: 17.27629pt x 17.05046pt.
 [58]
(documentatie.aux) ) 
Here is how much of TeX's memory you used:
 5953 strings out of 493323
 90248 string characters out of 3139063
 184221 words of memory out of 3000000
 9325 multiletter control sequences out of 15000+200000
 14251 words of font info for 51 fonts, out of 3000000 for 9000
 1141 hyphenation exceptions out of 8191
 48i,15n,61p,1125b,491s stack positions out of 5000i,500n,10000p,200000b,50000s
<C:/Program Files/MiKTeX 2.9/fonts/type1/public/amsfonts/cm
/cmbx12.pfb><C:/Program Files/MiKTeX 2.9/fonts/type1/public/amsfonts/cm/cmex10.
pfb><C:/Program Files/MiKTeX 2.9/fonts/type1/public/amsfonts/cm/cmmi12.pfb><C:/
Program Files/MiKTeX 2.9/fonts/type1/public/amsfonts/cm/cmmi8.pfb><C:/Program F
iles/MiKTeX 2.9/fonts/type1/public/amsfonts/cm/cmr10.pfb><C:/Program Files/MiKT
eX 2.9/fonts/type1/public/amsfonts/cm/cmr12.pfb><C:/Program Files/MiKTeX 2.9/fo
nts/type1/public/amsfonts/cm/cmr17.pfb><C:/Program Files/MiKTeX 2.9/fonts/type1
/public/amsfonts/cm/cmr7.pfb><C:/Program Files/MiKTeX 2.9/fonts/type1/public/am
sfonts/cm/cmr8.pfb><C:/Program Files/MiKTeX 2.9/fonts/type1/public/amsfonts/cm/
cmsy10.pfb><C:/Program Files/MiKTeX 2.9/fonts/type1/public/amsfonts/cm/cmsy8.pf
b><C:/Program Files/MiKTeX 2.9/fonts/type1/public/amsfonts/cm/cmti12.pfb>
Output written on documentatie.pdf (62 pages, 1799501 bytes).
PDF statistics:
 318 PDF objects out of 1000 (max. 8388607)
 0 named destinations out of 1000 (max. 500000)
 206 words of extra memory for PDF output out of 10000 (max. 10000000)

